---------------------------------------------------------------
[2019-03-30T21:47:24+08:00] 219.133.101.241 GET news.leephp.cn/
[运行时间：0.016960s] [吞吐率：58.96req/s] [内存消耗：1,851.96kb] [文件加载：62]
[ info ] [ LANG ] /www/wwwroot/news/thinkphp/lang/zh-cn.php
[ info ] [ ROUTE ] array (
)
[ info ] [ HEADER ] array (
  'accept-language' => 'zh-CN,zh;q=0.9',
  'accept-encoding' => 'gzip, deflate',
  'accept' => 'text/html,application/xhtml+xml,application/xml;q=0.9,image/webp,image/apng,*/*;q=0.8',
  'user-agent' => 'Mozilla/5.0 (X11; Linux x86_64) AppleWebKit/537.36 (KHTML, like Gecko) Chrome/70.0.3538.77 Safari/537.36',
  'upgrade-insecure-requests' => '1',
  'cache-control' => 'max-age=0',
  'connection' => 'keep-alive',
  'host' => 'news.leephp.cn',
  'content-type' => '',
  'content-length' => '',
)
[ info ] [ PARAM ] array (
)
[ info ] [ VIEW ] /www/wwwroot/news/application/index/view/index/index.html [ array (
) ]
---------------------------------------------------------------
[2019-03-30T21:48:36+08:00] 219.133.101.241 GET news.leephp.cn/
[运行时间：0.015403s] [吞吐率：64.92req/s] [内存消耗：1,851.95kb] [文件加载：62]
[ info ] [ LANG ] /www/wwwroot/news/thinkphp/lang/zh-cn.php
[ info ] [ ROUTE ] array (
)
[ info ] [ HEADER ] array (
  'accept-language' => 'zh-CN,zh;q=0.9',
  'accept-encoding' => 'gzip, deflate',
  'accept' => 'text/html,application/xhtml+xml,application/xml;q=0.9,image/webp,image/apng,*/*;q=0.8',
  'user-agent' => 'Mozilla/5.0 (X11; Linux x86_64) AppleWebKit/537.36 (KHTML, like Gecko) Chrome/70.0.3538.77 Safari/537.36',
  'upgrade-insecure-requests' => '1',
  'cache-control' => 'max-age=0',
  'connection' => 'keep-alive',
  'host' => 'news.leephp.cn',
  'content-type' => '',
  'content-length' => '',
)
[ info ] [ PARAM ] array (
)
[ info ] [ VIEW ] /www/wwwroot/news/application/index/view/index/index.html [ array (
) ]
---------------------------------------------------------------
[2019-03-30T21:48:37+08:00] 219.133.101.241 GET news.leephp.cn/
[运行时间：0.014514s] [吞吐率：68.90req/s] [内存消耗：1,679.43kb] [文件加载：60]
[ info ] [ LANG ] /www/wwwroot/news/thinkphp/lang/zh-cn.php
[ info ] [ ROUTE ] array (
)
[ info ] [ HEADER ] array (
  'accept-language' => 'zh-CN,zh;q=0.9',
  'accept-encoding' => 'gzip, deflate',
  'accept' => 'text/html,application/xhtml+xml,application/xml;q=0.9,image/webp,image/apng,*/*;q=0.8',
  'user-agent' => 'Mozilla/5.0 (X11; Linux x86_64) AppleWebKit/537.36 (KHTML, like Gecko) Chrome/70.0.3538.77 Safari/537.36',
  'upgrade-insecure-requests' => '1',
  'cache-control' => 'max-age=0',
  'connection' => 'keep-alive',
  'host' => 'news.leephp.cn',
  'content-type' => '',
  'content-length' => '',
)
[ info ] [ PARAM ] array (
)
[ info ] [ VIEW ] /www/wwwroot/news/application/index/view/index/index.html [ array (
) ]
---------------------------------------------------------------
[2019-03-30T21:48:38+08:00] 219.133.101.241 GET news.leephp.cn/
[运行时间：0.013150s] [吞吐率：76.05req/s] [内存消耗：1,679.43kb] [文件加载：60]
[ info ] [ LANG ] /www/wwwroot/news/thinkphp/lang/zh-cn.php
[ info ] [ ROUTE ] array (
)
[ info ] [ HEADER ] array (
  'accept-language' => 'zh-CN,zh;q=0.9',
  'accept-encoding' => 'gzip, deflate',
  'accept' => 'text/html,application/xhtml+xml,application/xml;q=0.9,image/webp,image/apng,*/*;q=0.8',
  'user-agent' => 'Mozilla/5.0 (X11; Linux x86_64) AppleWebKit/537.36 (KHTML, like Gecko) Chrome/70.0.3538.77 Safari/537.36',
  'upgrade-insecure-requests' => '1',
  'cache-control' => 'max-age=0',
  'connection' => 'keep-alive',
  'host' => 'news.leephp.cn',
  'content-type' => '',
  'content-length' => '',
)
[ info ] [ PARAM ] array (
)
[ info ] [ VIEW ] /www/wwwroot/news/application/index/view/index/index.html [ array (
) ]
---------------------------------------------------------------
[2019-03-30T21:48:38+08:00] 219.133.101.241 GET news.leephp.cn/
[运行时间：0.015110s] [吞吐率：66.18req/s] [内存消耗：1,679.43kb] [文件加载：60]
[ info ] [ LANG ] /www/wwwroot/news/thinkphp/lang/zh-cn.php
[ info ] [ ROUTE ] array (
)
[ info ] [ HEADER ] array (
  'accept-language' => 'zh-CN,zh;q=0.9',
  'accept-encoding' => 'gzip, deflate',
  'accept' => 'text/html,application/xhtml+xml,application/xml;q=0.9,image/webp,image/apng,*/*;q=0.8',
  'user-agent' => 'Mozilla/5.0 (X11; Linux x86_64) AppleWebKit/537.36 (KHTML, like Gecko) Chrome/70.0.3538.77 Safari/537.36',
  'upgrade-insecure-requests' => '1',
  'cache-control' => 'max-age=0',
  'connection' => 'keep-alive',
  'host' => 'news.leephp.cn',
  'content-type' => '',
  'content-length' => '',
)
[ info ] [ PARAM ] array (
)
[ info ] [ VIEW ] /www/wwwroot/news/application/index/view/index/index.html [ array (
) ]
---------------------------------------------------------------
[2019-03-30T21:48:38+08:00] 219.133.101.241 GET news.leephp.cn/
[运行时间：0.013920s] [吞吐率：71.84req/s] [内存消耗：1,679.43kb] [文件加载：60]
[ info ] [ LANG ] /www/wwwroot/news/thinkphp/lang/zh-cn.php
[ info ] [ ROUTE ] array (
)
[ info ] [ HEADER ] array (
  'accept-language' => 'zh-CN,zh;q=0.9',
  'accept-encoding' => 'gzip, deflate',
  'accept' => 'text/html,application/xhtml+xml,application/xml;q=0.9,image/webp,image/apng,*/*;q=0.8',
  'user-agent' => 'Mozilla/5.0 (X11; Linux x86_64) AppleWebKit/537.36 (KHTML, like Gecko) Chrome/70.0.3538.77 Safari/537.36',
  'upgrade-insecure-requests' => '1',
  'cache-control' => 'max-age=0',
  'connection' => 'keep-alive',
  'host' => 'news.leephp.cn',
  'content-type' => '',
  'content-length' => '',
)
[ info ] [ PARAM ] array (
)
[ info ] [ VIEW ] /www/wwwroot/news/application/index/view/index/index.html [ array (
) ]
---------------------------------------------------------------
[2019-03-30T21:48:39+08:00] 219.133.101.241 GET news.leephp.cn/
[运行时间：0.013684s] [吞吐率：73.08req/s] [内存消耗：1,679.43kb] [文件加载：60]
[ info ] [ LANG ] /www/wwwroot/news/thinkphp/lang/zh-cn.php
[ info ] [ ROUTE ] array (
)
[ info ] [ HEADER ] array (
  'accept-language' => 'zh-CN,zh;q=0.9',
  'accept-encoding' => 'gzip, deflate',
  'accept' => 'text/html,application/xhtml+xml,application/xml;q=0.9,image/webp,image/apng,*/*;q=0.8',
  'user-agent' => 'Mozilla/5.0 (X11; Linux x86_64) AppleWebKit/537.36 (KHTML, like Gecko) Chrome/70.0.3538.77 Safari/537.36',
  'upgrade-insecure-requests' => '1',
  'cache-control' => 'max-age=0',
  'connection' => 'keep-alive',
  'host' => 'news.leephp.cn',
  'content-type' => '',
  'content-length' => '',
)
[ info ] [ PARAM ] array (
)
[ info ] [ VIEW ] /www/wwwroot/news/application/index/view/index/index.html [ array (
) ]
---------------------------------------------------------------
[2019-03-30T21:48:39+08:00] 219.133.101.241 GET news.leephp.cn/
[运行时间：0.013718s] [吞吐率：72.90req/s] [内存消耗：1,679.43kb] [文件加载：60]
[ info ] [ LANG ] /www/wwwroot/news/thinkphp/lang/zh-cn.php
[ info ] [ ROUTE ] array (
)
[ info ] [ HEADER ] array (
  'accept-language' => 'zh-CN,zh;q=0.9',
  'accept-encoding' => 'gzip, deflate',
  'accept' => 'text/html,application/xhtml+xml,application/xml;q=0.9,image/webp,image/apng,*/*;q=0.8',
  'user-agent' => 'Mozilla/5.0 (X11; Linux x86_64) AppleWebKit/537.36 (KHTML, like Gecko) Chrome/70.0.3538.77 Safari/537.36',
  'upgrade-insecure-requests' => '1',
  'cache-control' => 'max-age=0',
  'connection' => 'keep-alive',
  'host' => 'news.leephp.cn',
  'content-type' => '',
  'content-length' => '',
)
[ info ] [ PARAM ] array (
)
[ info ] [ VIEW ] /www/wwwroot/news/application/index/view/index/index.html [ array (
) ]
---------------------------------------------------------------
[2019-03-30T21:48:40+08:00] 219.133.101.241 GET news.leephp.cn/
[运行时间：0.015367s] [吞吐率：65.07req/s] [内存消耗：1,679.43kb] [文件加载：60]
[ info ] [ LANG ] /www/wwwroot/news/thinkphp/lang/zh-cn.php
[ info ] [ ROUTE ] array (
)
[ info ] [ HEADER ] array (
  'accept-language' => 'zh-CN,zh;q=0.9',
  'accept-encoding' => 'gzip, deflate',
  'accept' => 'text/html,application/xhtml+xml,application/xml;q=0.9,image/webp,image/apng,*/*;q=0.8',
  'user-agent' => 'Mozilla/5.0 (X11; Linux x86_64) AppleWebKit/537.36 (KHTML, like Gecko) Chrome/70.0.3538.77 Safari/537.36',
  'upgrade-insecure-requests' => '1',
  'cache-control' => 'max-age=0',
  'connection' => 'keep-alive',
  'host' => 'news.leephp.cn',
  'content-type' => '',
  'content-length' => '',
)
[ info ] [ PARAM ] array (
)
[ info ] [ VIEW ] /www/wwwroot/news/application/index/view/index/index.html [ array (
) ]
---------------------------------------------------------------
[2019-03-30T22:02:10+08:00] 219.133.101.241 GET news.leephp.cn/
[运行时间：0.013428s] [吞吐率：74.47req/s] [内存消耗：1,679.43kb] [文件加载：60]
[ info ] [ LANG ] /www/wwwroot/news/thinkphp/lang/zh-cn.php
[ info ] [ ROUTE ] array (
)
[ info ] [ HEADER ] array (
  'accept-language' => 'zh-CN,zh;q=0.9',
  'accept-encoding' => 'gzip, deflate',
  'accept' => 'text/html,application/xhtml+xml,application/xml;q=0.9,image/webp,image/apng,*/*;q=0.8',
  'user-agent' => 'Mozilla/5.0 (X11; Linux x86_64) AppleWebKit/537.36 (KHTML, like Gecko) Chrome/70.0.3538.77 Safari/537.36',
  'upgrade-insecure-requests' => '1',
  'cache-control' => 'max-age=0',
  'connection' => 'keep-alive',
  'host' => 'news.leephp.cn',
  'content-type' => '',
  'content-length' => '',
)
[ info ] [ PARAM ] array (
)
[ info ] [ VIEW ] /www/wwwroot/news/application/index/view/index/index.html [ array (
) ]
---------------------------------------------------------------
[2019-03-30T22:02:13+08:00] 219.133.101.241 GET news.leephp.cn/
[运行时间：0.013368s] [吞吐率：74.81req/s] [内存消耗：1,679.43kb] [文件加载：60]
[ info ] [ LANG ] /www/wwwroot/news/thinkphp/lang/zh-cn.php
[ info ] [ ROUTE ] array (
)
[ info ] [ HEADER ] array (
  'accept-language' => 'zh-CN,zh;q=0.9',
  'accept-encoding' => 'gzip, deflate',
  'accept' => 'text/html,application/xhtml+xml,application/xml;q=0.9,image/webp,image/apng,*/*;q=0.8',
  'user-agent' => 'Mozilla/5.0 (X11; Linux x86_64) AppleWebKit/537.36 (KHTML, like Gecko) Chrome/70.0.3538.77 Safari/537.36',
  'upgrade-insecure-requests' => '1',
  'cache-control' => 'max-age=0',
  'connection' => 'keep-alive',
  'host' => 'news.leephp.cn',
  'content-type' => '',
  'content-length' => '',
)
[ info ] [ PARAM ] array (
)
[ info ] [ VIEW ] /www/wwwroot/news/application/index/view/index/index.html [ array (
) ]
---------------------------------------------------------------
[2019-03-30T22:03:34+08:00] 219.133.101.241 GET news.leephp.cn/
[运行时间：0.013702s] [吞吐率：72.98req/s] [内存消耗：1,679.43kb] [文件加载：60]
[ info ] [ LANG ] /www/wwwroot/news/thinkphp/lang/zh-cn.php
[ info ] [ ROUTE ] array (
)
[ info ] [ HEADER ] array (
  'accept-language' => 'zh-CN,zh;q=0.9',
  'accept-encoding' => 'gzip, deflate',
  'accept' => 'text/html,application/xhtml+xml,application/xml;q=0.9,image/webp,image/apng,*/*;q=0.8',
  'user-agent' => 'Mozilla/5.0 (X11; Linux x86_64) AppleWebKit/537.36 (KHTML, like Gecko) Chrome/70.0.3538.77 Safari/537.36',
  'upgrade-insecure-requests' => '1',
  'cache-control' => 'max-age=0',
  'connection' => 'keep-alive',
  'host' => 'news.leephp.cn',
  'content-type' => '',
  'content-length' => '',
)
[ info ] [ PARAM ] array (
)
[ info ] [ VIEW ] /www/wwwroot/news/application/index/view/index/index.html [ array (
) ]
---------------------------------------------------------------
[2019-03-30T22:03:35+08:00] 219.133.101.241 GET news.leephp.cn/
[运行时间：0.017218s] [吞吐率：58.08req/s] [内存消耗：1,679.43kb] [文件加载：60]
[ info ] [ LANG ] /www/wwwroot/news/thinkphp/lang/zh-cn.php
[ info ] [ ROUTE ] array (
)
[ info ] [ HEADER ] array (
  'accept-language' => 'zh-CN,zh;q=0.9',
  'accept-encoding' => 'gzip, deflate',
  'accept' => 'text/html,application/xhtml+xml,application/xml;q=0.9,image/webp,image/apng,*/*;q=0.8',
  'user-agent' => 'Mozilla/5.0 (X11; Linux x86_64) AppleWebKit/537.36 (KHTML, like Gecko) Chrome/70.0.3538.77 Safari/537.36',
  'upgrade-insecure-requests' => '1',
  'cache-control' => 'max-age=0',
  'connection' => 'keep-alive',
  'host' => 'news.leephp.cn',
  'content-type' => '',
  'content-length' => '',
)
[ info ] [ PARAM ] array (
)
[ info ] [ VIEW ] /www/wwwroot/news/application/index/view/index/index.html [ array (
) ]
---------------------------------------------------------------
[2019-03-30T22:03:36+08:00] 219.133.101.241 GET news.leephp.cn/
[运行时间：0.014968s] [吞吐率：66.81req/s] [内存消耗：1,679.43kb] [文件加载：60]
[ info ] [ LANG ] /www/wwwroot/news/thinkphp/lang/zh-cn.php
[ info ] [ ROUTE ] array (
)
[ info ] [ HEADER ] array (
  'accept-language' => 'zh-CN,zh;q=0.9',
  'accept-encoding' => 'gzip, deflate',
  'accept' => 'text/html,application/xhtml+xml,application/xml;q=0.9,image/webp,image/apng,*/*;q=0.8',
  'user-agent' => 'Mozilla/5.0 (X11; Linux x86_64) AppleWebKit/537.36 (KHTML, like Gecko) Chrome/70.0.3538.77 Safari/537.36',
  'upgrade-insecure-requests' => '1',
  'cache-control' => 'max-age=0',
  'connection' => 'keep-alive',
  'host' => 'news.leephp.cn',
  'content-type' => '',
  'content-length' => '',
)
[ info ] [ PARAM ] array (
)
[ info ] [ VIEW ] /www/wwwroot/news/application/index/view/index/index.html [ array (
) ]
---------------------------------------------------------------
[2019-03-30T22:03:36+08:00] 219.133.101.241 GET news.leephp.cn/
[运行时间：0.014633s] [吞吐率：68.34req/s] [内存消耗：1,679.43kb] [文件加载：60]
[ info ] [ LANG ] /www/wwwroot/news/thinkphp/lang/zh-cn.php
[ info ] [ ROUTE ] array (
)
[ info ] [ HEADER ] array (
  'accept-language' => 'zh-CN,zh;q=0.9',
  'accept-encoding' => 'gzip, deflate',
  'accept' => 'text/html,application/xhtml+xml,application/xml;q=0.9,image/webp,image/apng,*/*;q=0.8',
  'user-agent' => 'Mozilla/5.0 (X11; Linux x86_64) AppleWebKit/537.36 (KHTML, like Gecko) Chrome/70.0.3538.77 Safari/537.36',
  'upgrade-insecure-requests' => '1',
  'cache-control' => 'max-age=0',
  'connection' => 'keep-alive',
  'host' => 'news.leephp.cn',
  'content-type' => '',
  'content-length' => '',
)
[ info ] [ PARAM ] array (
)
[ info ] [ VIEW ] /www/wwwroot/news/application/index/view/index/index.html [ array (
) ]
---------------------------------------------------------------
[2019-03-30T22:03:36+08:00] 219.133.101.241 GET news.leephp.cn/
[运行时间：0.014837s] [吞吐率：67.40req/s] [内存消耗：1,679.43kb] [文件加载：60]
[ info ] [ LANG ] /www/wwwroot/news/thinkphp/lang/zh-cn.php
[ info ] [ ROUTE ] array (
)
[ info ] [ HEADER ] array (
  'accept-language' => 'zh-CN,zh;q=0.9',
  'accept-encoding' => 'gzip, deflate',
  'accept' => 'text/html,application/xhtml+xml,application/xml;q=0.9,image/webp,image/apng,*/*;q=0.8',
  'user-agent' => 'Mozilla/5.0 (X11; Linux x86_64) AppleWebKit/537.36 (KHTML, like Gecko) Chrome/70.0.3538.77 Safari/537.36',
  'upgrade-insecure-requests' => '1',
  'cache-control' => 'max-age=0',
  'connection' => 'keep-alive',
  'host' => 'news.leephp.cn',
  'content-type' => '',
  'content-length' => '',
)
[ info ] [ PARAM ] array (
)
[ info ] [ VIEW ] /www/wwwroot/news/application/index/view/index/index.html [ array (
) ]
---------------------------------------------------------------
[2019-03-30T22:04:03+08:00] 219.133.101.241 GET news.leephp.cn/
[运行时间：0.014057s] [吞吐率：71.14req/s] [内存消耗：1,679.43kb] [文件加载：60]
[ info ] [ LANG ] /www/wwwroot/news/thinkphp/lang/zh-cn.php
[ info ] [ ROUTE ] array (
)
[ info ] [ HEADER ] array (
  'accept-language' => 'zh-CN,zh;q=0.9',
  'accept-encoding' => 'gzip, deflate',
  'accept' => 'text/html,application/xhtml+xml,application/xml;q=0.9,image/webp,image/apng,*/*;q=0.8',
  'user-agent' => 'Mozilla/5.0 (X11; Linux x86_64) AppleWebKit/537.36 (KHTML, like Gecko) Chrome/70.0.3538.77 Safari/537.36',
  'upgrade-insecure-requests' => '1',
  'cache-control' => 'max-age=0',
  'connection' => 'keep-alive',
  'host' => 'news.leephp.cn',
  'content-type' => '',
  'content-length' => '',
)
[ info ] [ PARAM ] array (
)
[ info ] [ VIEW ] /www/wwwroot/news/application/index/view/index/index.html [ array (
) ]
---------------------------------------------------------------
[2019-03-30T22:05:10+08:00] 219.133.101.241 GET news.leephp.cn/
[运行时间：0.016104s] [吞吐率：62.10req/s] [内存消耗：1,679.43kb] [文件加载：60]
[ info ] [ LANG ] /www/wwwroot/news/thinkphp/lang/zh-cn.php
[ info ] [ ROUTE ] array (
)
[ info ] [ HEADER ] array (
  'accept-language' => 'zh-CN,zh;q=0.9',
  'accept-encoding' => 'gzip, deflate',
  'accept' => 'text/html,application/xhtml+xml,application/xml;q=0.9,image/webp,image/apng,*/*;q=0.8',
  'user-agent' => 'Mozilla/5.0 (X11; Linux x86_64) AppleWebKit/537.36 (KHTML, like Gecko) Chrome/70.0.3538.77 Safari/537.36',
  'upgrade-insecure-requests' => '1',
  'cache-control' => 'max-age=0',
  'connection' => 'keep-alive',
  'host' => 'news.leephp.cn',
  'content-type' => '',
  'content-length' => '',
)
[ info ] [ PARAM ] array (
)
[ info ] [ VIEW ] /www/wwwroot/news/application/index/view/index/index.html [ array (
) ]
---------------------------------------------------------------
[2019-03-30T22:05:14+08:00] 219.133.101.241 GET news.leephp.cn/
[运行时间：0.013446s] [吞吐率：74.37req/s] [内存消耗：1,679.43kb] [文件加载：60]
[ info ] [ LANG ] /www/wwwroot/news/thinkphp/lang/zh-cn.php
[ info ] [ ROUTE ] array (
)
[ info ] [ HEADER ] array (
  'accept-language' => 'zh-CN,zh;q=0.9',
  'accept-encoding' => 'gzip, deflate',
  'accept' => 'text/html,application/xhtml+xml,application/xml;q=0.9,image/webp,image/apng,*/*;q=0.8',
  'user-agent' => 'Mozilla/5.0 (X11; Linux x86_64) AppleWebKit/537.36 (KHTML, like Gecko) Chrome/70.0.3538.77 Safari/537.36',
  'upgrade-insecure-requests' => '1',
  'cache-control' => 'max-age=0',
  'connection' => 'keep-alive',
  'host' => 'news.leephp.cn',
  'content-type' => '',
  'content-length' => '',
)
[ info ] [ PARAM ] array (
)
[ info ] [ VIEW ] /www/wwwroot/news/application/index/view/index/index.html [ array (
) ]
---------------------------------------------------------------
[2019-03-30T22:05:15+08:00] 219.133.101.241 GET news.leephp.cn/
[运行时间：0.013992s] [吞吐率：71.47req/s] [内存消耗：1,679.43kb] [文件加载：60]
[ info ] [ LANG ] /www/wwwroot/news/thinkphp/lang/zh-cn.php
[ info ] [ ROUTE ] array (
)
[ info ] [ HEADER ] array (
  'accept-language' => 'zh-CN,zh;q=0.9',
  'accept-encoding' => 'gzip, deflate',
  'accept' => 'text/html,application/xhtml+xml,application/xml;q=0.9,image/webp,image/apng,*/*;q=0.8',
  'user-agent' => 'Mozilla/5.0 (X11; Linux x86_64) AppleWebKit/537.36 (KHTML, like Gecko) Chrome/70.0.3538.77 Safari/537.36',
  'upgrade-insecure-requests' => '1',
  'cache-control' => 'max-age=0',
  'connection' => 'keep-alive',
  'host' => 'news.leephp.cn',
  'content-type' => '',
  'content-length' => '',
)
[ info ] [ PARAM ] array (
)
[ info ] [ VIEW ] /www/wwwroot/news/application/index/view/index/index.html [ array (
) ]
---------------------------------------------------------------
[2019-03-30T22:05:15+08:00] 219.133.101.241 GET news.leephp.cn/
[运行时间：0.014459s] [吞吐率：69.16req/s] [内存消耗：1,679.43kb] [文件加载：60]
[ info ] [ LANG ] /www/wwwroot/news/thinkphp/lang/zh-cn.php
[ info ] [ ROUTE ] array (
)
[ info ] [ HEADER ] array (
  'accept-language' => 'zh-CN,zh;q=0.9',
  'accept-encoding' => 'gzip, deflate',
  'accept' => 'text/html,application/xhtml+xml,application/xml;q=0.9,image/webp,image/apng,*/*;q=0.8',
  'user-agent' => 'Mozilla/5.0 (X11; Linux x86_64) AppleWebKit/537.36 (KHTML, like Gecko) Chrome/70.0.3538.77 Safari/537.36',
  'upgrade-insecure-requests' => '1',
  'cache-control' => 'max-age=0',
  'connection' => 'keep-alive',
  'host' => 'news.leephp.cn',
  'content-type' => '',
  'content-length' => '',
)
[ info ] [ PARAM ] array (
)
[ info ] [ VIEW ] /www/wwwroot/news/application/index/view/index/index.html [ array (
) ]
---------------------------------------------------------------
[2019-03-30T22:15:37+08:00] 219.133.101.241 GET news.leephp.cn/
[运行时间：0.014980s] [吞吐率：66.76req/s] [内存消耗：1,851.95kb] [文件加载：62]
[ info ] [ LANG ] /www/wwwroot/news/thinkphp/lang/zh-cn.php
[ info ] [ ROUTE ] array (
)
[ info ] [ HEADER ] array (
  'accept-language' => 'zh-CN,zh;q=0.9',
  'accept-encoding' => 'gzip, deflate',
  'accept' => 'text/html,application/xhtml+xml,application/xml;q=0.9,image/webp,image/apng,*/*;q=0.8',
  'user-agent' => 'Mozilla/5.0 (X11; Linux x86_64) AppleWebKit/537.36 (KHTML, like Gecko) Chrome/70.0.3538.77 Safari/537.36',
  'upgrade-insecure-requests' => '1',
  'cache-control' => 'max-age=0',
  'connection' => 'keep-alive',
  'host' => 'news.leephp.cn',
  'content-type' => '',
  'content-length' => '',
)
[ info ] [ PARAM ] array (
)
[ info ] [ VIEW ] /www/wwwroot/news/application/index/view/index/index.html [ array (
) ]
---------------------------------------------------------------
[2019-03-30T22:16:06+08:00] 219.133.101.241 GET news.leephp.cn/
[运行时间：0.015121s] [吞吐率：66.13req/s] [内存消耗：1,679.42kb] [文件加载：60]
[ info ] [ LANG ] /www/wwwroot/news/thinkphp/lang/zh-cn.php
[ info ] [ ROUTE ] array (
)
[ info ] [ HEADER ] array (
  'accept-language' => 'zh-CN,zh;q=0.9',
  'accept-encoding' => 'gzip, deflate',
  'referer' => 'http://news.leephp.cn/',
  'accept' => 'text/html,application/xhtml+xml,application/xml;q=0.9,image/webp,image/apng,*/*;q=0.8',
  'user-agent' => 'Mozilla/5.0 (X11; Linux x86_64) AppleWebKit/537.36 (KHTML, like Gecko) Chrome/70.0.3538.77 Safari/537.36',
  'upgrade-insecure-requests' => '1',
  'connection' => 'keep-alive',
  'host' => 'news.leephp.cn',
  'content-type' => '',
  'content-length' => '',
)
[ info ] [ PARAM ] array (
)
[ info ] [ VIEW ] /www/wwwroot/news/application/index/view/index/index.html [ array (
) ]
---------------------------------------------------------------
[2019-03-30T22:17:53+08:00] 219.133.101.241 GET news.leephp.cn/
[运行时间：0.016479s] [吞吐率：60.68req/s] [内存消耗：1,912.26kb] [文件加载：64]
[ info ] [ LANG ] /www/wwwroot/news/thinkphp/lang/zh-cn.php
[ info ] [ ROUTE ] array (
)
[ info ] [ HEADER ] array (
  'accept-language' => 'zh-CN,zh;q=0.9',
  'accept-encoding' => 'gzip, deflate',
  'referer' => 'http://news.leephp.cn/',
  'accept' => 'text/html,application/xhtml+xml,application/xml;q=0.9,image/webp,image/apng,*/*;q=0.8',
  'user-agent' => 'Mozilla/5.0 (X11; Linux x86_64) AppleWebKit/537.36 (KHTML, like Gecko) Chrome/70.0.3538.77 Safari/537.36',
  'upgrade-insecure-requests' => '1',
  'cache-control' => 'max-age=0',
  'connection' => 'keep-alive',
  'host' => 'news.leephp.cn',
  'content-type' => '',
  'content-length' => '',
)
[ info ] [ PARAM ] array (
)
[ info ] [ VIEW ] /www/wwwroot/news/application/index/view/index/index.html [ array (
) ]
---------------------------------------------------------------
[2019-03-30T22:17:55+08:00] 219.133.101.241 GET news.leephp.cn/index/personal/index.html
[运行时间：0.014901s] [吞吐率：67.11req/s] [内存消耗：1,877.88kb] [文件加载：64]
[ info ] [ LANG ] /www/wwwroot/news/thinkphp/lang/zh-cn.php
[ info ] [ ROUTE ] array (
)
[ info ] [ HEADER ] array (
  'accept-language' => 'zh-CN,zh;q=0.9',
  'accept-encoding' => 'gzip, deflate',
  'referer' => 'http://news.leephp.cn/',
  'accept' => 'text/html,application/xhtml+xml,application/xml;q=0.9,image/webp,image/apng,*/*;q=0.8',
  'user-agent' => 'Mozilla/5.0 (X11; Linux x86_64) AppleWebKit/537.36 (KHTML, like Gecko) Chrome/70.0.3538.77 Safari/537.36',
  'upgrade-insecure-requests' => '1',
  'connection' => 'keep-alive',
  'host' => 'news.leephp.cn',
  'content-type' => '',
  'content-length' => '',
)
[ info ] [ PARAM ] array (
)
[ info ] [ VIEW ] /www/wwwroot/news/application/index/view/personal/index.html [ array (
) ]
---------------------------------------------------------------
[2019-03-30T22:20:40+08:00] 219.133.101.241 GET news.leephp.cn/
[运行时间：0.015978s] [吞吐率：62.59req/s] [内存消耗：1,910.21kb] [文件加载：64]
[ info ] [ LANG ] /www/wwwroot/news/thinkphp/lang/zh-cn.php
[ info ] [ ROUTE ] array (
)
[ info ] [ HEADER ] array (
  'accept-language' => 'zh-CN,zh;q=0.9',
  'accept-encoding' => 'gzip, deflate',
  'referer' => 'http://news.leephp.cn/',
  'accept' => 'text/html,application/xhtml+xml,application/xml;q=0.9,image/webp,image/apng,*/*;q=0.8',
  'user-agent' => 'Mozilla/5.0 (X11; Linux x86_64) AppleWebKit/537.36 (KHTML, like Gecko) Chrome/70.0.3538.77 Safari/537.36',
  'upgrade-insecure-requests' => '1',
  'cache-control' => 'max-age=0',
  'connection' => 'keep-alive',
  'host' => 'news.leephp.cn',
  'content-type' => '',
  'content-length' => '',
)
[ info ] [ PARAM ] array (
)
[ info ] [ VIEW ] /www/wwwroot/news/application/index/view/index/index.html [ array (
) ]
---------------------------------------------------------------
[2019-03-30T22:20:41+08:00] 219.133.101.241 GET news.leephp.cn/
[运行时间：0.014957s] [吞吐率：66.86req/s] [内存消耗：1,737.73kb] [文件加载：62]
[ info ] [ LANG ] /www/wwwroot/news/thinkphp/lang/zh-cn.php
[ info ] [ ROUTE ] array (
)
[ info ] [ HEADER ] array (
  'accept-language' => 'zh-CN,zh;q=0.9',
  'accept-encoding' => 'gzip, deflate',
  'referer' => 'http://news.leephp.cn/',
  'accept' => 'text/html,application/xhtml+xml,application/xml;q=0.9,image/webp,image/apng,*/*;q=0.8',
  'user-agent' => 'Mozilla/5.0 (X11; Linux x86_64) AppleWebKit/537.36 (KHTML, like Gecko) Chrome/70.0.3538.77 Safari/537.36',
  'upgrade-insecure-requests' => '1',
  'cache-control' => 'max-age=0',
  'connection' => 'keep-alive',
  'host' => 'news.leephp.cn',
  'content-type' => '',
  'content-length' => '',
)
[ info ] [ PARAM ] array (
)
[ info ] [ VIEW ] /www/wwwroot/news/application/index/view/index/index.html [ array (
) ]
---------------------------------------------------------------
[2019-03-30T22:20:43+08:00] 219.133.101.241 GET news.leephp.cn/index/index/personal.html
[运行时间：0.016806s] [吞吐率：59.50req/s] [内存消耗：1,716.41kb] [文件加载：62]
[ info ] [ LANG ] /www/wwwroot/news/thinkphp/lang/zh-cn.php
[ info ] [ ROUTE ] array (
)
[ info ] [ HEADER ] array (
  'accept-language' => 'zh-CN,zh;q=0.9',
  'accept-encoding' => 'gzip, deflate',
  'referer' => 'http://news.leephp.cn/',
  'accept' => 'text/html,application/xhtml+xml,application/xml;q=0.9,image/webp,image/apng,*/*;q=0.8',
  'user-agent' => 'Mozilla/5.0 (X11; Linux x86_64) AppleWebKit/537.36 (KHTML, like Gecko) Chrome/70.0.3538.77 Safari/537.36',
  'upgrade-insecure-requests' => '1',
  'connection' => 'keep-alive',
  'host' => 'news.leephp.cn',
  'content-type' => '',
  'content-length' => '',
)
[ info ] [ PARAM ] array (
)
---------------------------------------------------------------
[2019-03-30T22:21:01+08:00] 219.133.101.241 GET news.leephp.cn/
[运行时间：0.017367s] [吞吐率：57.58req/s] [内存消耗：1,737.73kb] [文件加载：62]
[ info ] [ LANG ] /www/wwwroot/news/thinkphp/lang/zh-cn.php
[ info ] [ ROUTE ] array (
)
[ info ] [ HEADER ] array (
  'accept-language' => 'zh-CN,zh;q=0.9',
  'accept-encoding' => 'gzip, deflate',
  'referer' => 'http://news.leephp.cn/',
  'accept' => 'text/html,application/xhtml+xml,application/xml;q=0.9,image/webp,image/apng,*/*;q=0.8',
  'user-agent' => 'Mozilla/5.0 (X11; Linux x86_64) AppleWebKit/537.36 (KHTML, like Gecko) Chrome/70.0.3538.77 Safari/537.36',
  'upgrade-insecure-requests' => '1',
  'cache-control' => 'max-age=0',
  'connection' => 'keep-alive',
  'host' => 'news.leephp.cn',
  'content-type' => '',
  'content-length' => '',
)
[ info ] [ PARAM ] array (
)
[ info ] [ VIEW ] /www/wwwroot/news/application/index/view/index/index.html [ array (
) ]
---------------------------------------------------------------
[2019-03-30T22:22:25+08:00] 219.133.101.241 GET news.leephp.cn/
[运行时间：0.015507s] [吞吐率：64.49req/s] [内存消耗：1,910.25kb] [文件加载：64]
[ info ] [ LANG ] /www/wwwroot/news/thinkphp/lang/zh-cn.php
[ info ] [ ROUTE ] array (
)
[ info ] [ HEADER ] array (
  'accept-language' => 'zh-CN,zh;q=0.9',
  'accept-encoding' => 'gzip, deflate',
  'referer' => 'http://news.leephp.cn/',
  'accept' => 'text/html,application/xhtml+xml,application/xml;q=0.9,image/webp,image/apng,*/*;q=0.8',
  'user-agent' => 'Mozilla/5.0 (X11; Linux x86_64) AppleWebKit/537.36 (KHTML, like Gecko) Chrome/70.0.3538.77 Safari/537.36',
  'upgrade-insecure-requests' => '1',
  'cache-control' => 'max-age=0',
  'connection' => 'keep-alive',
  'host' => 'news.leephp.cn',
  'content-type' => '',
  'content-length' => '',
)
[ info ] [ PARAM ] array (
)
[ info ] [ VIEW ] /www/wwwroot/news/application/index/view/index/index.html [ array (
) ]
---------------------------------------------------------------
[2019-03-30T22:22:29+08:00] 219.133.101.241 GET news.leephp.cn/personal.html
[运行时间：0.046696s] [吞吐率：21.42req/s] [内存消耗：1,687.18kb] [文件加载：61]
[ info ] [ LANG ] /www/wwwroot/news/thinkphp/lang/zh-cn.php
[ info ] [ ROUTE ] array (
  'rule' => 'personal',
  'route' => 'Index/Personal/index',
  'option' => 
  array (
    'merge_rule_regex' => false,
  ),
  'var' => 
  array (
  ),
)
[ info ] [ HEADER ] array (
  'accept-language' => 'zh-CN,zh;q=0.9',
  'accept-encoding' => 'gzip, deflate',
  'referer' => 'http://news.leephp.cn/',
  'accept' => 'text/html,application/xhtml+xml,application/xml;q=0.9,image/webp,image/apng,*/*;q=0.8',
  'user-agent' => 'Mozilla/5.0 (X11; Linux x86_64) AppleWebKit/537.36 (KHTML, like Gecko) Chrome/70.0.3538.77 Safari/537.36',
  'upgrade-insecure-requests' => '1',
  'connection' => 'keep-alive',
  'host' => 'news.leephp.cn',
  'content-type' => '',
  'content-length' => '',
)
[ info ] [ PARAM ] array (
)
[ info ] [ VIEW ] /www/wwwroot/news/application/index/view/personal/index.html [ array (
) ]
---------------------------------------------------------------
[2019-03-30T22:22:35+08:00] 219.133.101.241 GET news.leephp.cn/
[运行时间：0.015055s] [吞吐率：66.42req/s] [内存消耗：1,737.77kb] [文件加载：62]
[ info ] [ LANG ] /www/wwwroot/news/thinkphp/lang/zh-cn.php
[ info ] [ ROUTE ] array (
)
[ info ] [ HEADER ] array (
  'accept-language' => 'zh-CN,zh;q=0.9',
  'accept-encoding' => 'gzip, deflate',
  'referer' => 'http://news.leephp.cn/',
  'accept' => 'text/html,application/xhtml+xml,application/xml;q=0.9,image/webp,image/apng,*/*;q=0.8',
  'user-agent' => 'Mozilla/5.0 (X11; Linux x86_64) AppleWebKit/537.36 (KHTML, like Gecko) Chrome/70.0.3538.77 Safari/537.36',
  'upgrade-insecure-requests' => '1',
  'cache-control' => 'max-age=0',
  'connection' => 'keep-alive',
  'host' => 'news.leephp.cn',
  'content-type' => '',
  'content-length' => '',
)
[ info ] [ PARAM ] array (
)
[ info ] [ VIEW ] /www/wwwroot/news/application/index/view/index/index.html [ array (
) ]
---------------------------------------------------------------
[2019-03-30T22:22:36+08:00] 219.133.101.241 GET news.leephp.cn/personal.html
[运行时间：0.013014s] [吞吐率：76.84req/s] [内存消耗：1,687.18kb] [文件加载：61]
[ info ] [ LANG ] /www/wwwroot/news/thinkphp/lang/zh-cn.php
[ info ] [ ROUTE ] array (
  'rule' => 'personal',
  'route' => 'Index/Personal/index',
  'option' => 
  array (
    'merge_rule_regex' => false,
  ),
  'var' => 
  array (
  ),
)
[ info ] [ HEADER ] array (
  'accept-language' => 'zh-CN,zh;q=0.9',
  'accept-encoding' => 'gzip, deflate',
  'referer' => 'http://news.leephp.cn/',
  'accept' => 'text/html,application/xhtml+xml,application/xml;q=0.9,image/webp,image/apng,*/*;q=0.8',
  'user-agent' => 'Mozilla/5.0 (X11; Linux x86_64) AppleWebKit/537.36 (KHTML, like Gecko) Chrome/70.0.3538.77 Safari/537.36',
  'upgrade-insecure-requests' => '1',
  'connection' => 'keep-alive',
  'host' => 'news.leephp.cn',
  'content-type' => '',
  'content-length' => '',
)
[ info ] [ PARAM ] array (
)
[ info ] [ VIEW ] /www/wwwroot/news/application/index/view/personal/index.html [ array (
) ]
---------------------------------------------------------------
[2019-03-30T22:22:45+08:00] 219.133.101.241 GET news.leephp.cn/personal.html
[运行时间：0.013654s] [吞吐率：73.24req/s] [内存消耗：1,687.18kb] [文件加载：61]
[ info ] [ LANG ] /www/wwwroot/news/thinkphp/lang/zh-cn.php
[ info ] [ ROUTE ] array (
  'rule' => 'personal',
  'route' => 'Index/Personal/index',
  'option' => 
  array (
    'merge_rule_regex' => false,
  ),
  'var' => 
  array (
  ),
)
[ info ] [ HEADER ] array (
  'accept-language' => 'zh-CN,zh;q=0.9',
  'accept-encoding' => 'gzip, deflate',
  'referer' => 'http://news.leephp.cn/',
  'accept' => 'text/html,application/xhtml+xml,application/xml;q=0.9,image/webp,image/apng,*/*;q=0.8',
  'user-agent' => 'Mozilla/5.0 (X11; Linux x86_64) AppleWebKit/537.36 (KHTML, like Gecko) Chrome/70.0.3538.77 Safari/537.36',
  'upgrade-insecure-requests' => '1',
  'connection' => 'keep-alive',
  'host' => 'news.leephp.cn',
  'content-type' => '',
  'content-length' => '',
)
[ info ] [ PARAM ] array (
)
[ info ] [ VIEW ] /www/wwwroot/news/application/index/view/personal/index.html [ array (
) ]
---------------------------------------------------------------
[2019-03-30T22:36:50+08:00] 219.133.101.241 GET news.leephp.cn/personal.html
[运行时间：0.013891s] [吞吐率：71.99req/s] [内存消耗：1,687.22kb] [文件加载：61]
[ info ] [ LANG ] /www/wwwroot/news/thinkphp/lang/zh-cn.php
[ info ] [ ROUTE ] array (
  'rule' => 'personal',
  'route' => 'Index/Personal/index',
  'option' => 
  array (
    'merge_rule_regex' => false,
  ),
  'var' => 
  array (
  ),
)
[ info ] [ HEADER ] array (
  'accept-language' => 'zh-CN,zh;q=0.9',
  'accept-encoding' => 'gzip, deflate',
  'referer' => 'http://news.leephp.cn/',
  'accept' => 'text/html,application/xhtml+xml,application/xml;q=0.9,image/webp,image/apng,*/*;q=0.8',
  'user-agent' => 'Mozilla/5.0 (X11; Linux x86_64) AppleWebKit/537.36 (KHTML, like Gecko) Chrome/70.0.3538.77 Safari/537.36',
  'upgrade-insecure-requests' => '1',
  'cache-control' => 'max-age=0',
  'connection' => 'keep-alive',
  'host' => 'news.leephp.cn',
  'content-type' => '',
  'content-length' => '',
)
[ info ] [ PARAM ] array (
)
[ info ] [ VIEW ] /www/wwwroot/news/application/index/view/personal/index.html [ array (
) ]
---------------------------------------------------------------
[2019-03-30T22:36:53+08:00] 219.133.101.241 GET news.leephp.cn/
[运行时间：0.015231s] [吞吐率：65.66req/s] [内存消耗：1,737.45kb] [文件加载：62]
[ info ] [ LANG ] /www/wwwroot/news/thinkphp/lang/zh-cn.php
[ info ] [ ROUTE ] array (
)
[ info ] [ HEADER ] array (
  'accept-language' => 'zh-CN,zh;q=0.9',
  'accept-encoding' => 'gzip, deflate',
  'accept' => 'text/html,application/xhtml+xml,application/xml;q=0.9,image/webp,image/apng,*/*;q=0.8',
  'user-agent' => 'Mozilla/5.0 (X11; Linux x86_64) AppleWebKit/537.36 (KHTML, like Gecko) Chrome/70.0.3538.77 Safari/537.36',
  'upgrade-insecure-requests' => '1',
  'connection' => 'keep-alive',
  'host' => 'news.leephp.cn',
  'content-type' => '',
  'content-length' => '',
)
[ info ] [ PARAM ] array (
)
[ info ] [ VIEW ] /www/wwwroot/news/application/index/view/index/index.html [ array (
) ]
---------------------------------------------------------------
[2019-03-30T22:36:54+08:00] 219.133.101.241 GET news.leephp.cn/personal.html
[运行时间：0.013649s] [吞吐率：73.27req/s] [内存消耗：1,687.18kb] [文件加载：61]
[ info ] [ LANG ] /www/wwwroot/news/thinkphp/lang/zh-cn.php
[ info ] [ ROUTE ] array (
  'rule' => 'personal',
  'route' => 'Index/Personal/index',
  'option' => 
  array (
    'merge_rule_regex' => false,
  ),
  'var' => 
  array (
  ),
)
[ info ] [ HEADER ] array (
  'accept-language' => 'zh-CN,zh;q=0.9',
  'accept-encoding' => 'gzip, deflate',
  'referer' => 'http://news.leephp.cn/',
  'accept' => 'text/html,application/xhtml+xml,application/xml;q=0.9,image/webp,image/apng,*/*;q=0.8',
  'user-agent' => 'Mozilla/5.0 (X11; Linux x86_64) AppleWebKit/537.36 (KHTML, like Gecko) Chrome/70.0.3538.77 Safari/537.36',
  'upgrade-insecure-requests' => '1',
  'connection' => 'keep-alive',
  'host' => 'news.leephp.cn',
  'content-type' => '',
  'content-length' => '',
)
[ info ] [ PARAM ] array (
)
[ info ] [ VIEW ] /www/wwwroot/news/application/index/view/personal/index.html [ array (
) ]
---------------------------------------------------------------
[2019-03-30T22:52:51+08:00] 219.133.101.241 GET news.leephp.cn/silentAuthCallBack
[运行时间：0.013312s] [吞吐率：75.12req/s] [内存消耗：1,632.82kb] [文件加载：59]
[ info ] [ LANG ] /www/wwwroot/news/thinkphp/lang/zh-cn.php
[ info ] [ ROUTE ] array (
  'rule' => 'silentAuthCallBack',
  'route' => 'Index/Index/silentAuthCallBack',
  'option' => 
  array (
    'merge_rule_regex' => false,
  ),
  'var' => 
  array (
  ),
)
[ info ] [ HEADER ] array (
  'accept-language' => 'zh-CN,zh;q=0.9',
  'accept-encoding' => 'gzip, deflate',
  'accept' => 'text/html,application/xhtml+xml,application/xml;q=0.9,image/webp,image/apng,*/*;q=0.8',
  'user-agent' => 'Mozilla/5.0 (X11; Linux x86_64) AppleWebKit/537.36 (KHTML, like Gecko) Chrome/70.0.3538.77 Safari/537.36',
  'upgrade-insecure-requests' => '1',
  'connection' => 'keep-alive',
  'host' => 'news.leephp.cn',
  'content-type' => '',
  'content-length' => '',
)
[ info ] [ PARAM ] array (
)
---------------------------------------------------------------
[2019-03-30T22:53:13+08:00] 219.133.101.241 GET news.leephp.cn/silentAuthCallBack
[运行时间：0.013893s] [吞吐率：71.98req/s] [内存消耗：1,633.03kb] [文件加载：59]
[ info ] [ LANG ] /www/wwwroot/news/thinkphp/lang/zh-cn.php
[ info ] [ ROUTE ] array (
  'rule' => 'silentAuthCallBack',
  'route' => 'Index/Index/silentAuthCallBack',
  'option' => 
  array (
    'merge_rule_regex' => false,
  ),
  'var' => 
  array (
  ),
)
[ info ] [ HEADER ] array (
  'accept-language' => 'zh-CN,zh;q=0.9',
  'accept-encoding' => 'gzip, deflate',
  'accept' => 'text/html,application/xhtml+xml,application/xml;q=0.9,image/webp,image/apng,*/*;q=0.8',
  'user-agent' => 'Mozilla/5.0 (X11; Linux x86_64) AppleWebKit/537.36 (KHTML, like Gecko) Chrome/70.0.3538.77 Safari/537.36',
  'upgrade-insecure-requests' => '1',
  'cache-control' => 'max-age=0',
  'connection' => 'keep-alive',
  'host' => 'news.leephp.cn',
  'content-type' => '',
  'content-length' => '',
)
[ info ] [ PARAM ] array (
)
---------------------------------------------------------------
[2019-03-30T22:58:25+08:00] 219.133.101.241 GET news.leephp.cn/
[运行时间：0.014414s] [吞吐率：69.38req/s] [内存消耗：1,659.36kb] [文件加载：61]
[ info ] [ LANG ] /www/wwwroot/news/thinkphp/lang/zh-cn.php
[ info ] [ ROUTE ] array (
)
[ info ] [ HEADER ] array (
  'accept-language' => 'zh-CN,zh;q=0.9',
  'accept-encoding' => 'gzip, deflate',
  'accept' => 'text/html,application/xhtml+xml,application/xml;q=0.9,image/webp,image/apng,*/*;q=0.8',
  'user-agent' => 'Mozilla/5.0 (X11; Linux x86_64) AppleWebKit/537.36 (KHTML, like Gecko) Chrome/70.0.3538.77 Safari/537.36',
  'upgrade-insecure-requests' => '1',
  'connection' => 'keep-alive',
  'host' => 'news.leephp.cn',
  'content-type' => '',
  'content-length' => '',
)
[ info ] [ PARAM ] array (
)
---------------------------------------------------------------
[2019-03-30T22:58:50+08:00] 219.133.101.241 GET news.leephp.cn/
[运行时间：0.013388s] [吞吐率：74.69req/s] [内存消耗：1,660.34kb] [文件加载：61]
[ info ] [ LANG ] /www/wwwroot/news/thinkphp/lang/zh-cn.php
[ info ] [ ROUTE ] array (
)
[ info ] [ HEADER ] array (
  'accept-language' => 'zh-CN,zh;q=0.9',
  'accept-encoding' => 'gzip, deflate',
  'accept' => 'text/html,application/xhtml+xml,application/xml;q=0.9,image/webp,image/apng,*/*;q=0.8',
  'user-agent' => 'Mozilla/5.0 (X11; Linux x86_64) AppleWebKit/537.36 (KHTML, like Gecko) Chrome/70.0.3538.77 Safari/537.36',
  'upgrade-insecure-requests' => '1',
  'cache-control' => 'max-age=0',
  'connection' => 'keep-alive',
  'host' => 'news.leephp.cn',
  'content-type' => '',
  'content-length' => '',
)
[ info ] [ PARAM ] array (
)
---------------------------------------------------------------
[2019-03-30T22:59:06+08:00] 219.133.101.241 GET news.leephp.cn/
[运行时间：0.015972s] [吞吐率：62.61req/s] [内存消耗：1,660.37kb] [文件加载：61]
[ info ] [ LANG ] /www/wwwroot/news/thinkphp/lang/zh-cn.php
[ info ] [ ROUTE ] array (
)
[ info ] [ HEADER ] array (
  'cookie' => 'openid=xx',
  'accept-language' => 'zh-CN,zh;q=0.9',
  'accept-encoding' => 'gzip, deflate',
  'accept' => 'text/html,application/xhtml+xml,application/xml;q=0.9,image/webp,image/apng,*/*;q=0.8',
  'user-agent' => 'Mozilla/5.0 (X11; Linux x86_64) AppleWebKit/537.36 (KHTML, like Gecko) Chrome/70.0.3538.77 Safari/537.36',
  'upgrade-insecure-requests' => '1',
  'cache-control' => 'max-age=0',
  'connection' => 'keep-alive',
  'host' => 'news.leephp.cn',
  'content-type' => '',
  'content-length' => '',
)
[ info ] [ PARAM ] array (
)
---------------------------------------------------------------
[2019-03-30T22:59:13+08:00] 219.133.101.241 GET news.leephp.cn/
[运行时间：0.013221s] [吞吐率：75.64req/s] [内存消耗：1,660.40kb] [文件加载：61]
[ info ] [ LANG ] /www/wwwroot/news/thinkphp/lang/zh-cn.php
[ info ] [ ROUTE ] array (
)
[ info ] [ HEADER ] array (
  'cookie' => 'openid=xx',
  'accept-language' => 'zh-CN,zh;q=0.9',
  'accept-encoding' => 'gzip, deflate',
  'accept' => 'text/html,application/xhtml+xml,application/xml;q=0.9,image/webp,image/apng,*/*;q=0.8',
  'user-agent' => 'Mozilla/5.0 (X11; Linux x86_64) AppleWebKit/537.36 (KHTML, like Gecko) Chrome/70.0.3538.77 Safari/537.36',
  'upgrade-insecure-requests' => '1',
  'cache-control' => 'max-age=0',
  'connection' => 'keep-alive',
  'host' => 'news.leephp.cn',
  'content-type' => '',
  'content-length' => '',
)
[ info ] [ PARAM ] array (
)
---------------------------------------------------------------
[2019-03-30T22:59:16+08:00] 219.133.101.241 GET news.leephp.cn/
[运行时间：0.013927s] [吞吐率：71.80req/s] [内存消耗：1,660.40kb] [文件加载：61]
[ info ] [ LANG ] /www/wwwroot/news/thinkphp/lang/zh-cn.php
[ info ] [ ROUTE ] array (
)
[ info ] [ HEADER ] array (
  'cookie' => 'openid=xx',
  'accept-language' => 'zh-CN,zh;q=0.9',
  'accept-encoding' => 'gzip, deflate',
  'accept' => 'text/html,application/xhtml+xml,application/xml;q=0.9,image/webp,image/apng,*/*;q=0.8',
  'user-agent' => 'Mozilla/5.0 (X11; Linux x86_64) AppleWebKit/537.36 (KHTML, like Gecko) Chrome/70.0.3538.77 Safari/537.36',
  'upgrade-insecure-requests' => '1',
  'cache-control' => 'max-age=0',
  'connection' => 'keep-alive',
  'host' => 'news.leephp.cn',
  'content-type' => '',
  'content-length' => '',
)
[ info ] [ PARAM ] array (
)
---------------------------------------------------------------
[2019-03-30T22:59:16+08:00] 219.133.101.241 GET news.leephp.cn/
[运行时间：0.014484s] [吞吐率：69.04req/s] [内存消耗：1,660.40kb] [文件加载：61]
[ info ] [ LANG ] /www/wwwroot/news/thinkphp/lang/zh-cn.php
[ info ] [ ROUTE ] array (
)
[ info ] [ HEADER ] array (
  'cookie' => 'openid=xx',
  'accept-language' => 'zh-CN,zh;q=0.9',
  'accept-encoding' => 'gzip, deflate',
  'accept' => 'text/html,application/xhtml+xml,application/xml;q=0.9,image/webp,image/apng,*/*;q=0.8',
  'user-agent' => 'Mozilla/5.0 (X11; Linux x86_64) AppleWebKit/537.36 (KHTML, like Gecko) Chrome/70.0.3538.77 Safari/537.36',
  'upgrade-insecure-requests' => '1',
  'cache-control' => 'max-age=0',
  'connection' => 'keep-alive',
  'host' => 'news.leephp.cn',
  'content-type' => '',
  'content-length' => '',
)
[ info ] [ PARAM ] array (
)
---------------------------------------------------------------
[2019-03-30T22:59:16+08:00] 219.133.101.241 GET news.leephp.cn/
[运行时间：0.015714s] [吞吐率：63.64req/s] [内存消耗：1,660.40kb] [文件加载：61]
[ info ] [ LANG ] /www/wwwroot/news/thinkphp/lang/zh-cn.php
[ info ] [ ROUTE ] array (
)
[ info ] [ HEADER ] array (
  'cookie' => 'openid=xx',
  'accept-language' => 'zh-CN,zh;q=0.9',
  'accept-encoding' => 'gzip, deflate',
  'accept' => 'text/html,application/xhtml+xml,application/xml;q=0.9,image/webp,image/apng,*/*;q=0.8',
  'user-agent' => 'Mozilla/5.0 (X11; Linux x86_64) AppleWebKit/537.36 (KHTML, like Gecko) Chrome/70.0.3538.77 Safari/537.36',
  'upgrade-insecure-requests' => '1',
  'cache-control' => 'max-age=0',
  'connection' => 'keep-alive',
  'host' => 'news.leephp.cn',
  'content-type' => '',
  'content-length' => '',
)
[ info ] [ PARAM ] array (
)
---------------------------------------------------------------
[2019-03-30T22:59:16+08:00] 219.133.101.241 GET news.leephp.cn/
[运行时间：0.013856s] [吞吐率：72.17req/s] [内存消耗：1,660.40kb] [文件加载：61]
[ info ] [ LANG ] /www/wwwroot/news/thinkphp/lang/zh-cn.php
[ info ] [ ROUTE ] array (
)
[ info ] [ HEADER ] array (
  'cookie' => 'openid=xx',
  'accept-language' => 'zh-CN,zh;q=0.9',
  'accept-encoding' => 'gzip, deflate',
  'accept' => 'text/html,application/xhtml+xml,application/xml;q=0.9,image/webp,image/apng,*/*;q=0.8',
  'user-agent' => 'Mozilla/5.0 (X11; Linux x86_64) AppleWebKit/537.36 (KHTML, like Gecko) Chrome/70.0.3538.77 Safari/537.36',
  'upgrade-insecure-requests' => '1',
  'cache-control' => 'max-age=0',
  'connection' => 'keep-alive',
  'host' => 'news.leephp.cn',
  'content-type' => '',
  'content-length' => '',
)
[ info ] [ PARAM ] array (
)
---------------------------------------------------------------
[2019-03-30T22:59:17+08:00] 219.133.101.241 GET news.leephp.cn/
[运行时间：0.013071s] [吞吐率：76.51req/s] [内存消耗：1,660.40kb] [文件加载：61]
[ info ] [ LANG ] /www/wwwroot/news/thinkphp/lang/zh-cn.php
[ info ] [ ROUTE ] array (
)
[ info ] [ HEADER ] array (
  'cookie' => 'openid=xx',
  'accept-language' => 'zh-CN,zh;q=0.9',
  'accept-encoding' => 'gzip, deflate',
  'accept' => 'text/html,application/xhtml+xml,application/xml;q=0.9,image/webp,image/apng,*/*;q=0.8',
  'user-agent' => 'Mozilla/5.0 (X11; Linux x86_64) AppleWebKit/537.36 (KHTML, like Gecko) Chrome/70.0.3538.77 Safari/537.36',
  'upgrade-insecure-requests' => '1',
  'cache-control' => 'max-age=0',
  'connection' => 'keep-alive',
  'host' => 'news.leephp.cn',
  'content-type' => '',
  'content-length' => '',
)
[ info ] [ PARAM ] array (
)
---------------------------------------------------------------
[2019-03-30T22:59:17+08:00] 219.133.101.241 GET news.leephp.cn/
[运行时间：0.015883s] [吞吐率：62.96req/s] [内存消耗：1,660.40kb] [文件加载：61]
[ info ] [ LANG ] /www/wwwroot/news/thinkphp/lang/zh-cn.php
[ info ] [ ROUTE ] array (
)
[ info ] [ HEADER ] array (
  'cookie' => 'openid=xx',
  'accept-language' => 'zh-CN,zh;q=0.9',
  'accept-encoding' => 'gzip, deflate',
  'accept' => 'text/html,application/xhtml+xml,application/xml;q=0.9,image/webp,image/apng,*/*;q=0.8',
  'user-agent' => 'Mozilla/5.0 (X11; Linux x86_64) AppleWebKit/537.36 (KHTML, like Gecko) Chrome/70.0.3538.77 Safari/537.36',
  'upgrade-insecure-requests' => '1',
  'cache-control' => 'max-age=0',
  'connection' => 'keep-alive',
  'host' => 'news.leephp.cn',
  'content-type' => '',
  'content-length' => '',
)
[ info ] [ PARAM ] array (
)
---------------------------------------------------------------
[2019-03-30T22:59:17+08:00] 219.133.101.241 GET news.leephp.cn/
[运行时间：0.013429s] [吞吐率：74.47req/s] [内存消耗：1,660.40kb] [文件加载：61]
[ info ] [ LANG ] /www/wwwroot/news/thinkphp/lang/zh-cn.php
[ info ] [ ROUTE ] array (
)
[ info ] [ HEADER ] array (
  'cookie' => 'openid=xx',
  'accept-language' => 'zh-CN,zh;q=0.9',
  'accept-encoding' => 'gzip, deflate',
  'accept' => 'text/html,application/xhtml+xml,application/xml;q=0.9,image/webp,image/apng,*/*;q=0.8',
  'user-agent' => 'Mozilla/5.0 (X11; Linux x86_64) AppleWebKit/537.36 (KHTML, like Gecko) Chrome/70.0.3538.77 Safari/537.36',
  'upgrade-insecure-requests' => '1',
  'cache-control' => 'max-age=0',
  'connection' => 'keep-alive',
  'host' => 'news.leephp.cn',
  'content-type' => '',
  'content-length' => '',
)
[ info ] [ PARAM ] array (
)
---------------------------------------------------------------
[2019-03-30T22:59:18+08:00] 219.133.101.241 GET news.leephp.cn/
[运行时间：0.013934s] [吞吐率：71.77req/s] [内存消耗：1,660.40kb] [文件加载：61]
[ info ] [ LANG ] /www/wwwroot/news/thinkphp/lang/zh-cn.php
[ info ] [ ROUTE ] array (
)
[ info ] [ HEADER ] array (
  'cookie' => 'openid=xx',
  'accept-language' => 'zh-CN,zh;q=0.9',
  'accept-encoding' => 'gzip, deflate',
  'accept' => 'text/html,application/xhtml+xml,application/xml;q=0.9,image/webp,image/apng,*/*;q=0.8',
  'user-agent' => 'Mozilla/5.0 (X11; Linux x86_64) AppleWebKit/537.36 (KHTML, like Gecko) Chrome/70.0.3538.77 Safari/537.36',
  'upgrade-insecure-requests' => '1',
  'cache-control' => 'max-age=0',
  'connection' => 'keep-alive',
  'host' => 'news.leephp.cn',
  'content-type' => '',
  'content-length' => '',
)
[ info ] [ PARAM ] array (
)
---------------------------------------------------------------
[2019-03-30T22:59:18+08:00] 219.133.101.241 GET news.leephp.cn/
[运行时间：0.012841s] [吞吐率：77.88req/s] [内存消耗：1,660.40kb] [文件加载：61]
[ info ] [ LANG ] /www/wwwroot/news/thinkphp/lang/zh-cn.php
[ info ] [ ROUTE ] array (
)
[ info ] [ HEADER ] array (
  'cookie' => 'openid=xx',
  'accept-language' => 'zh-CN,zh;q=0.9',
  'accept-encoding' => 'gzip, deflate',
  'accept' => 'text/html,application/xhtml+xml,application/xml;q=0.9,image/webp,image/apng,*/*;q=0.8',
  'user-agent' => 'Mozilla/5.0 (X11; Linux x86_64) AppleWebKit/537.36 (KHTML, like Gecko) Chrome/70.0.3538.77 Safari/537.36',
  'upgrade-insecure-requests' => '1',
  'cache-control' => 'max-age=0',
  'connection' => 'keep-alive',
  'host' => 'news.leephp.cn',
  'content-type' => '',
  'content-length' => '',
)
[ info ] [ PARAM ] array (
)
---------------------------------------------------------------
[2019-03-30T22:59:18+08:00] 219.133.101.241 GET news.leephp.cn/
[运行时间：0.013697s] [吞吐率：73.01req/s] [内存消耗：1,660.40kb] [文件加载：61]
[ info ] [ LANG ] /www/wwwroot/news/thinkphp/lang/zh-cn.php
[ info ] [ ROUTE ] array (
)
[ info ] [ HEADER ] array (
  'cookie' => 'openid=xx',
  'accept-language' => 'zh-CN,zh;q=0.9',
  'accept-encoding' => 'gzip, deflate',
  'accept' => 'text/html,application/xhtml+xml,application/xml;q=0.9,image/webp,image/apng,*/*;q=0.8',
  'user-agent' => 'Mozilla/5.0 (X11; Linux x86_64) AppleWebKit/537.36 (KHTML, like Gecko) Chrome/70.0.3538.77 Safari/537.36',
  'upgrade-insecure-requests' => '1',
  'cache-control' => 'max-age=0',
  'connection' => 'keep-alive',
  'host' => 'news.leephp.cn',
  'content-type' => '',
  'content-length' => '',
)
[ info ] [ PARAM ] array (
)
---------------------------------------------------------------
[2019-03-30T22:59:18+08:00] 219.133.101.241 GET news.leephp.cn/
[运行时间：0.013837s] [吞吐率：72.27req/s] [内存消耗：1,660.40kb] [文件加载：61]
[ info ] [ LANG ] /www/wwwroot/news/thinkphp/lang/zh-cn.php
[ info ] [ ROUTE ] array (
)
[ info ] [ HEADER ] array (
  'cookie' => 'openid=xx',
  'accept-language' => 'zh-CN,zh;q=0.9',
  'accept-encoding' => 'gzip, deflate',
  'accept' => 'text/html,application/xhtml+xml,application/xml;q=0.9,image/webp,image/apng,*/*;q=0.8',
  'user-agent' => 'Mozilla/5.0 (X11; Linux x86_64) AppleWebKit/537.36 (KHTML, like Gecko) Chrome/70.0.3538.77 Safari/537.36',
  'upgrade-insecure-requests' => '1',
  'cache-control' => 'max-age=0',
  'connection' => 'keep-alive',
  'host' => 'news.leephp.cn',
  'content-type' => '',
  'content-length' => '',
)
[ info ] [ PARAM ] array (
)
---------------------------------------------------------------
[2019-03-30T22:59:18+08:00] 219.133.101.241 GET news.leephp.cn/
[运行时间：0.013528s] [吞吐率：73.92req/s] [内存消耗：1,660.40kb] [文件加载：61]
[ info ] [ LANG ] /www/wwwroot/news/thinkphp/lang/zh-cn.php
[ info ] [ ROUTE ] array (
)
[ info ] [ HEADER ] array (
  'cookie' => 'openid=xx',
  'accept-language' => 'zh-CN,zh;q=0.9',
  'accept-encoding' => 'gzip, deflate',
  'accept' => 'text/html,application/xhtml+xml,application/xml;q=0.9,image/webp,image/apng,*/*;q=0.8',
  'user-agent' => 'Mozilla/5.0 (X11; Linux x86_64) AppleWebKit/537.36 (KHTML, like Gecko) Chrome/70.0.3538.77 Safari/537.36',
  'upgrade-insecure-requests' => '1',
  'cache-control' => 'max-age=0',
  'connection' => 'keep-alive',
  'host' => 'news.leephp.cn',
  'content-type' => '',
  'content-length' => '',
)
[ info ] [ PARAM ] array (
)
---------------------------------------------------------------
[2019-03-30T22:59:19+08:00] 219.133.101.241 GET news.leephp.cn/
[运行时间：0.013899s] [吞吐率：71.95req/s] [内存消耗：1,660.40kb] [文件加载：61]
[ info ] [ LANG ] /www/wwwroot/news/thinkphp/lang/zh-cn.php
[ info ] [ ROUTE ] array (
)
[ info ] [ HEADER ] array (
  'cookie' => 'openid=xx',
  'accept-language' => 'zh-CN,zh;q=0.9',
  'accept-encoding' => 'gzip, deflate',
  'accept' => 'text/html,application/xhtml+xml,application/xml;q=0.9,image/webp,image/apng,*/*;q=0.8',
  'user-agent' => 'Mozilla/5.0 (X11; Linux x86_64) AppleWebKit/537.36 (KHTML, like Gecko) Chrome/70.0.3538.77 Safari/537.36',
  'upgrade-insecure-requests' => '1',
  'cache-control' => 'max-age=0',
  'connection' => 'keep-alive',
  'host' => 'news.leephp.cn',
  'content-type' => '',
  'content-length' => '',
)
[ info ] [ PARAM ] array (
)
---------------------------------------------------------------
[2019-03-30T22:59:19+08:00] 219.133.101.241 GET news.leephp.cn/
[运行时间：0.013750s] [吞吐率：72.73req/s] [内存消耗：1,660.40kb] [文件加载：61]
[ info ] [ LANG ] /www/wwwroot/news/thinkphp/lang/zh-cn.php
[ info ] [ ROUTE ] array (
)
[ info ] [ HEADER ] array (
  'cookie' => 'openid=xx',
  'accept-language' => 'zh-CN,zh;q=0.9',
  'accept-encoding' => 'gzip, deflate',
  'accept' => 'text/html,application/xhtml+xml,application/xml;q=0.9,image/webp,image/apng,*/*;q=0.8',
  'user-agent' => 'Mozilla/5.0 (X11; Linux x86_64) AppleWebKit/537.36 (KHTML, like Gecko) Chrome/70.0.3538.77 Safari/537.36',
  'upgrade-insecure-requests' => '1',
  'cache-control' => 'max-age=0',
  'connection' => 'keep-alive',
  'host' => 'news.leephp.cn',
  'content-type' => '',
  'content-length' => '',
)
[ info ] [ PARAM ] array (
)
---------------------------------------------------------------
[2019-03-30T22:59:36+08:00] 219.133.101.241 GET news.leephp.cn/
[运行时间：0.013575s] [吞吐率：73.66req/s] [内存消耗：1,660.40kb] [文件加载：61]
[ info ] [ LANG ] /www/wwwroot/news/thinkphp/lang/zh-cn.php
[ info ] [ ROUTE ] array (
)
[ info ] [ HEADER ] array (
  'cookie' => 'openid=xx',
  'accept-language' => 'zh-CN,zh;q=0.9',
  'accept-encoding' => 'gzip, deflate',
  'accept' => 'text/html,application/xhtml+xml,application/xml;q=0.9,image/webp,image/apng,*/*;q=0.8',
  'user-agent' => 'Mozilla/5.0 (X11; Linux x86_64) AppleWebKit/537.36 (KHTML, like Gecko) Chrome/70.0.3538.77 Safari/537.36',
  'upgrade-insecure-requests' => '1',
  'cache-control' => 'max-age=0',
  'connection' => 'keep-alive',
  'host' => 'news.leephp.cn',
  'content-type' => '',
  'content-length' => '',
)
[ info ] [ PARAM ] array (
)
---------------------------------------------------------------
[2019-03-30T23:56:58+08:00] 219.133.101.241 GET news.leephp.cn/
[运行时间：0.013699s] [吞吐率：73.00req/s] [内存消耗：1,717.52kb] [文件加载：64]
[ info ] [ LANG ] /www/wwwroot/news/thinkphp/lang/zh-cn.php
[ info ] [ ROUTE ] array (
)
[ info ] [ HEADER ] array (
  'accept-language' => 'zh-CN,zh;q=0.8,en-us;q=0.6,en;q=0.5;q=0.4',
  'accept-encoding' => 'gzip, deflate',
  'user-agent' => 'Mozilla/5.0 (Windows NT 6.1; WOW64) AppleWebKit/537.36 (KHTML, like Gecko) Chrome/39.0.2171.95 Safari/537.36 MicroMessenger/6.5.2.501 NetType/WIFI WindowsWechat QBCore/3.43.691.400 QQBrowser/9.0.2524.400',
  'accept' => 'text/html,application/xhtml+xml,application/xml;q=0.9,image/webp,*/*;q=0.8',
  'connection' => 'keep-alive',
  'host' => 'news.leephp.cn',
  'content-type' => '',
  'content-length' => '',
)
[ info ] [ PARAM ] array (
)
[ info ] 获取用户信息url:https://open.weixin.qq.com/connect/oauth2/authorize?appid={APP_ID}&redirect_uri=http%3A%2F%2Fnews.leephp.cn%2FsilentAuthCallBack&response_type=code&scope=snsapi_userinfo&state=STATE#wechat_redirect
---------------------------------------------------------------
[2019-03-30T23:57:51+08:00] 219.133.101.241 GET news.leephp.cn/
[运行时间：0.015006s] [吞吐率：66.64req/s] [内存消耗：1,717.52kb] [文件加载：64]
[ info ] [ LANG ] /www/wwwroot/news/thinkphp/lang/zh-cn.php
[ info ] [ ROUTE ] array (
)
[ info ] [ HEADER ] array (
  'accept-language' => 'zh-CN,zh;q=0.8,en-us;q=0.6,en;q=0.5;q=0.4',
  'accept-encoding' => 'gzip, deflate',
  'user-agent' => 'Mozilla/5.0 (Windows NT 6.1; WOW64) AppleWebKit/537.36 (KHTML, like Gecko) Chrome/39.0.2171.95 Safari/537.36 MicroMessenger/6.5.2.501 NetType/WIFI WindowsWechat QBCore/3.43.691.400 QQBrowser/9.0.2524.400',
  'accept' => 'text/html,application/xhtml+xml,application/xml;q=0.9,image/webp,*/*;q=0.8',
  'connection' => 'keep-alive',
  'host' => 'news.leephp.cn',
  'content-type' => '',
  'content-length' => '',
)
[ info ] [ PARAM ] array (
)
[ info ] 获取用户信息url:https://open.weixin.qq.com/connect/oauth2/authorize?appid={APP_ID}&redirect_uri=http%3A%2F%2Fnews.leephp.cn%2FsilentAuthCallBack&response_type=code&scope=snsapi_userinfo&state=STATE#wechat_redirect
---------------------------------------------------------------
[2019-03-30T23:57:58+08:00] 61.151.178.166 GET news.leephp.cn/
[运行时间：0.014714s] [吞吐率：67.96req/s] [内存消耗：1,717.10kb] [文件加载：64]
[ info ] [ LANG ] /www/wwwroot/news/thinkphp/lang/zh-cn.php
[ info ] [ ROUTE ] array (
)
[ info ] [ HEADER ] array (
  'connection' => 'keep-alive',
  'host' => 'news.leephp.cn',
  'accept-language' => 'zh-CN,zh;q=0.8,en-US;q=0.6,en;q=0.4',
  'accept' => '*/*',
  'user-agent' => 'Mozilla/5.0 (Windows NT 6.1; WOW64) AppleWebKit/537.36 (KHTML, like Gecko) Chrome/39.0.2171.95 Safari/537.36 MicroMessenger/6.5.2.501 NetType/WIFI WindowsWechat QBCore/3.43.27.400 QQBrowser/9.0.2524.400',
  'content-type' => '',
  'content-length' => '',
)
[ info ] [ PARAM ] array (
)
[ info ] 获取用户信息url:https://open.weixin.qq.com/connect/oauth2/authorize?appid={APP_ID}&redirect_uri=http%3A%2F%2Fnews.leephp.cn%2FsilentAuthCallBack&response_type=code&scope=snsapi_userinfo&state=STATE#wechat_redirect
---------------------------------------------------------------
[2019-03-30T23:58:36+08:00] 219.133.101.241 GET news.leephp.cn/
[运行时间：0.014173s] [吞吐率：70.56req/s] [内存消耗：1,718.01kb] [文件加载：64]
[ info ] [ LANG ] /www/wwwroot/news/thinkphp/lang/zh-cn.php
[ info ] [ ROUTE ] array (
)
[ info ] [ HEADER ] array (
  'accept-language' => 'zh-CN,zh;q=0.8,en-us;q=0.6,en;q=0.5;q=0.4',
  'accept-encoding' => 'gzip, deflate',
  'user-agent' => 'Mozilla/5.0 (Windows NT 6.1; WOW64) AppleWebKit/537.36 (KHTML, like Gecko) Chrome/39.0.2171.95 Safari/537.36 MicroMessenger/6.5.2.501 NetType/WIFI WindowsWechat QBCore/3.43.691.400 QQBrowser/9.0.2524.400',
  'accept' => 'text/html,application/xhtml+xml,application/xml;q=0.9,image/webp,*/*;q=0.8',
  'connection' => 'keep-alive',
  'host' => 'news.leephp.cn',
  'content-type' => '',
  'content-length' => '',
)
[ info ] [ PARAM ] array (
)
[ info ] 获取用户信息url:https://open.weixin.qq.com/connect/oauth2/authorize?appid=wx985089ba7e56c17d&redirect_uri=http%3A%2F%2Fnews.leephp.cn%2FsilentAuthCallBack&response_type=code&scope=snsapi_userinfo&state=STATE#wechat_redirect
---------------------------------------------------------------
[2019-03-30T23:59:55+08:00] 219.133.101.241 GET news.leephp.cn/
[运行时间：0.014030s] [吞吐率：71.28req/s] [内存消耗：1,718.18kb] [文件加载：64]
[ info ] [ LANG ] /www/wwwroot/news/thinkphp/lang/zh-cn.php
[ info ] [ ROUTE ] array (
)
[ info ] [ HEADER ] array (
  'accept-language' => 'zh-CN,zh;q=0.8,en-us;q=0.6,en;q=0.5;q=0.4',
  'accept-encoding' => 'gzip, deflate',
  'user-agent' => 'Mozilla/5.0 (Windows NT 6.1; WOW64) AppleWebKit/537.36 (KHTML, like Gecko) Chrome/39.0.2171.95 Safari/537.36 MicroMessenger/6.5.2.501 NetType/WIFI WindowsWechat QBCore/3.43.691.400 QQBrowser/9.0.2524.400',
  'accept' => 'text/html,application/xhtml+xml,application/xml;q=0.9,image/webp,*/*;q=0.8',
  'connection' => 'keep-alive',
  'host' => 'news.leephp.cn',
  'content-type' => '',
  'content-length' => '',
)
[ info ] [ PARAM ] array (
)
[ info ] 获取用户信息url:https://open.weixin.qq.com/connect/oauth2/authorize?appid=wx985089ba7e56c17d&redirect_uri=http%3A%2F%2Fnews.leephp.cn%2FsilentAuthCallBack&response_type=code&scope=snsapi_userinfo&state=STATE#wechat_redirect
